{"/data/data/com.termux/files/home/luhn/src/luhn.ts": {"path":"/data/data/com.termux/files/home/luhn/src/luhn.ts","statementMap":{"0":{"start":{"line":9,"column":4},"end":{"line":9,"column":40}},"1":{"start":{"line":11,"column":22},"end":{"line":11,"column":23}},"2":{"start":{"line":12,"column":4},"end":{"line":19,"column":null}},"3":{"start":{"line":12,"column":17},"end":{"line":12,"column":18}},"4":{"start":{"line":13,"column":26},"end":{"line":13,"column":31}},"5":{"start":{"line":14,"column":6},"end":{"line":17,"column":null}},"6":{"start":{"line":15,"column":8},"end":{"line":15,"column":19}},"7":{"start":{"line":16,"column":8},"end":{"line":16,"column":34}},"8":{"start":{"line":16,"column":23},"end":{"line":16,"column":34}},"9":{"start":{"line":18,"column":6},"end":{"line":18,"column":19}},"10":{"start":{"line":20,"column":4},"end":{"line":20,"column":26}},"11":{"start":{"line":1,"column":0},"end":{"line":1,"column":13}}},"fnMap":{"0":{"name":"(anonymous_0)","decl":{"start":{"line":7,"column":9},"end":{"line":7,"column":15}},"loc":{"start":{"line":7,"column":32},"end":{"line":21,"column":3}}}},"branchMap":{"0":{"loc":{"start":{"line":14,"column":6},"end":{"line":17,"column":null}},"type":"if","locations":[{"start":{"line":14,"column":6},"end":{"line":17,"column":null}},{"start":{"line":14,"column":6},"end":{"line":17,"column":null}}]},"1":{"loc":{"start":{"line":16,"column":8},"end":{"line":16,"column":34}},"type":"if","locations":[{"start":{"line":16,"column":8},"end":{"line":16,"column":34}},{"start":{"line":16,"column":8},"end":{"line":16,"column":34}}]}},"s":{"0":2,"1":2,"2":2,"3":2,"4":32,"5":32,"6":16,"7":16,"8":4,"9":32,"10":2,"11":1},"f":{"0":2},"b":{"0":[16,16],"1":[4,12]}}
}
